12-05-2020 02:24:26.701 [restartedMain] INFO  c.l.LibraryManagementApplication.logStarting - Starting LibraryManagementApplication on jaydeep-HP-Notebook with PID 3462 (/home/jaydeep/LibraryManagementSpring/LibraryManagement/target/classes started by jaydeep in /home/jaydeep/LibraryManagementSpring/LibraryManagement)
12-05-2020 02:24:26.722 [restartedMain] INFO  c.l.LibraryManagementApplication.logStartupProfileInfo - No active profile set, falling back to default profiles: default
12-05-2020 02:24:27.010 [restartedMain] INFO  o.s.b.d.restart.ChangeableUrls.logTo - The Class-Path manifest attribute in /home/jaydeep/.m2/repository/org/glassfish/jaxb/jaxb-runtime/2.3.2/jaxb-runtime-2.3.2.jar referenced one or more files that do not exist: file:/home/jaydeep/.m2/repository/org/glassfish/jaxb/jaxb-runtime/2.3.2/jakarta.xml.bind-api-2.3.2.jar,file:/home/jaydeep/.m2/repository/org/glassfish/jaxb/jaxb-runtime/2.3.2/txw2-2.3.2.jar,file:/home/jaydeep/.m2/repository/org/glassfish/jaxb/jaxb-runtime/2.3.2/istack-commons-runtime-3.0.8.jar,file:/home/jaydeep/.m2/repository/org/glassfish/jaxb/jaxb-runtime/2.3.2/stax-ex-1.8.1.jar,file:/home/jaydeep/.m2/repository/org/glassfish/jaxb/jaxb-runtime/2.3.2/FastInfoset-1.2.16.jar,file:/home/jaydeep/.m2/repository/org/glassfish/jaxb/jaxb-runtime/2.3.2/jakarta.activation-api-1.2.1.jar
12-05-2020 02:24:27.011 [restartedMain] INFO  o.s.b.d.e.DevToolsPropertyDefaultsPostProcessor.logTo - Devtools property defaults active! Set 'spring.devtools.add-properties' to 'false' to disable
12-05-2020 02:24:27.011 [restartedMain] INFO  o.s.b.d.e.DevToolsPropertyDefaultsPostProcessor.logTo - For additional web related logging consider setting the 'logging.level.web' property to 'DEBUG'
12-05-2020 02:24:28.999 [restartedMain] INFO  o.s.d.r.c.RepositoryConfigurationDelegate.registerRepositoriesIn - Bootstrapping Spring Data JPA repositories in DEFAULT mode.
12-05-2020 02:24:29.095 [restartedMain] INFO  o.s.d.r.c.RepositoryConfigurationDelegate.registerRepositoriesIn - Finished Spring Data repository scanning in 76ms. Found 4 JPA repository interfaces.
12-05-2020 02:24:30.122 [restartedMain] INFO  o.s.b.w.e.tomcat.TomcatWebServer.initialize - Tomcat initialized with port(s): 8080 (http)
12-05-2020 02:24:30.134 [restartedMain] INFO  o.a.catalina.core.StandardService.log - Starting service [Tomcat]
12-05-2020 02:24:30.135 [restartedMain] INFO  o.a.catalina.core.StandardEngine.log - Starting Servlet engine: [Apache Tomcat/9.0.33]
12-05-2020 02:24:30.318 [restartedMain] INFO  o.a.c.c.C.[Tomcat].[localhost].[/].log - Initializing Spring embedded WebApplicationContext
12-05-2020 02:24:30.318 [restartedMain] INFO  o.s.web.context.ContextLoader.prepareWebApplicationContext - Root WebApplicationContext: initialization completed in 3306 ms
12-05-2020 02:24:30.788 [restartedMain] INFO  o.h.jpa.internal.util.LogHelper.logPersistenceUnitInformation - HHH000204: Processing PersistenceUnitInfo [name: default]
12-05-2020 02:24:31.176 [restartedMain] INFO  org.hibernate.Version.logVersion - HHH000412: Hibernate ORM core version 5.4.12.Final
12-05-2020 02:24:31.776 [restartedMain] INFO  o.h.annotations.common.Version.<clinit> - HCANN000001: Hibernate Commons Annotations {5.1.0.Final}
12-05-2020 02:24:32.120 [restartedMain] INFO  com.zaxxer.hikari.HikariDataSource.getConnection - HikariPool-1 - Starting...
12-05-2020 02:24:32.221 [restartedMain] INFO  com.zaxxer.hikari.HikariDataSource.getConnection - HikariPool-1 - Start completed.
12-05-2020 02:24:32.279 [restartedMain] INFO  org.hibernate.dialect.Dialect.<init> - HHH000400: Using dialect: org.hibernate.dialect.MariaDBDialect
12-05-2020 02:24:34.094 [restartedMain] INFO  o.h.e.t.j.p.i.JtaPlatformInitiator.initiateService - HHH000490: Using JtaPlatform implementation: [org.hibernate.engine.transaction.jta.platform.internal.NoJtaPlatform]
12-05-2020 02:24:34.101 [restartedMain] INFO  o.s.o.j.LocalContainerEntityManagerFactoryBean.buildNativeEntityManagerFactory - Initialized JPA EntityManagerFactory for persistence unit 'default'
12-05-2020 02:24:34.149 [restartedMain] INFO  o.s.b.d.a.OptionalLiveReloadServer.startServer - LiveReload server is running on port 35729
12-05-2020 02:24:34.743 [restartedMain] WARN  o.s.b.a.o.j.JpaBaseConfiguration$JpaWebConfiguration.openEntityManagerInViewInterceptor - spring.jpa.open-in-view is enabled by default. Therefore, database queries may be performed during view rendering. Explicitly configure spring.jpa.open-in-view to disable this warning
12-05-2020 02:24:34.921 [restartedMain] INFO  o.s.s.c.ThreadPoolTaskExecutor.initialize - Initializing ExecutorService 'applicationTaskExecutor'
12-05-2020 02:24:35.298 [restartedMain] INFO  o.s.b.w.e.tomcat.TomcatWebServer.start - Tomcat started on port(s): 8080 (http) with context path ''
12-05-2020 02:24:35.301 [restartedMain] INFO  c.l.LibraryManagementApplication.logStarted - Started LibraryManagementApplication in 10.241 seconds (JVM running for 11.946)
12-05-2020 02:24:43.050 [http-nio-8080-exec-1] INFO  o.a.c.c.C.[Tomcat].[localhost].[/].log - Initializing Spring DispatcherServlet 'dispatcherServlet'
12-05-2020 02:24:43.055 [http-nio-8080-exec-1] INFO  o.s.web.servlet.DispatcherServlet.initServletBean - Initializing Servlet 'dispatcherServlet'
12-05-2020 02:24:43.112 [http-nio-8080-exec-1] INFO  o.s.web.servlet.DispatcherServlet.initServletBean - Completed initialization in 55 ms
12-05-2020 02:30:57.275 [http-nio-8080-exec-9] WARN  o.s.w.s.m.s.DefaultHandlerExceptionResolver.logException - Resolved [org.springframework.web.bind.MissingServletRequestParameterException: Required String parameter 'bookName' is not present]
12-05-2020 02:31:37.567 [http-nio-8080-exec-2] WARN  o.s.w.s.m.s.DefaultHandlerExceptionResolver.logException - Resolved [org.springframework.web.bind.MissingServletRequestParameterException: Required String parameter 'bookName' is not present]
12-05-2020 02:33:13.424 [Thread-7] INFO  o.s.s.c.ThreadPoolTaskExecutor.shutdown - Shutting down ExecutorService 'applicationTaskExecutor'
12-05-2020 02:33:13.428 [Thread-7] INFO  o.s.o.j.LocalContainerEntityManagerFactoryBean.destroy - Closing JPA EntityManagerFactory for persistence unit 'default'
12-05-2020 02:33:13.439 [Thread-7] INFO  com.zaxxer.hikari.HikariDataSource.close - HikariPool-1 - Shutdown initiated...
12-05-2020 02:33:13.450 [Thread-7] INFO  com.zaxxer.hikari.HikariDataSource.close - HikariPool-1 - Shutdown completed.
12-05-2020 02:33:13.658 [restartedMain] INFO  c.l.LibraryManagementApplication.logStarting - Starting LibraryManagementApplication on jaydeep-HP-Notebook with PID 3462 (/home/jaydeep/LibraryManagementSpring/LibraryManagement/target/classes started by jaydeep in /home/jaydeep/LibraryManagementSpring/LibraryManagement)
12-05-2020 02:33:13.658 [restartedMain] INFO  c.l.LibraryManagementApplication.logStartupProfileInfo - No active profile set, falling back to default profiles: default
12-05-2020 02:33:13.815 [restartedMain] INFO  o.s.d.r.c.RepositoryConfigurationDelegate.registerRepositoriesIn - Bootstrapping Spring Data JPA repositories in DEFAULT mode.
12-05-2020 02:33:13.829 [restartedMain] INFO  o.s.d.r.c.RepositoryConfigurationDelegate.registerRepositoriesIn - Finished Spring Data repository scanning in 13ms. Found 4 JPA repository interfaces.
12-05-2020 02:33:13.947 [restartedMain] INFO  o.s.b.w.e.tomcat.TomcatWebServer.initialize - Tomcat initialized with port(s): 8080 (http)
12-05-2020 02:33:13.948 [restartedMain] INFO  o.a.catalina.core.StandardService.log - Starting service [Tomcat]
12-05-2020 02:33:13.949 [restartedMain] INFO  o.a.catalina.core.StandardEngine.log - Starting Servlet engine: [Apache Tomcat/9.0.33]
12-05-2020 02:33:13.954 [restartedMain] INFO  o.a.c.c.C.[Tomcat].[localhost].[/].log - Initializing Spring embedded WebApplicationContext
12-05-2020 02:33:13.954 [restartedMain] INFO  o.s.web.context.ContextLoader.prepareWebApplicationContext - Root WebApplicationContext: initialization completed in 294 ms
12-05-2020 02:33:14.003 [restartedMain] INFO  o.h.jpa.internal.util.LogHelper.logPersistenceUnitInformation - HHH000204: Processing PersistenceUnitInfo [name: default]
12-05-2020 02:33:14.007 [restartedMain] INFO  com.zaxxer.hikari.HikariDataSource.getConnection - HikariPool-2 - Starting...
12-05-2020 02:33:14.009 [restartedMain] INFO  com.zaxxer.hikari.HikariDataSource.getConnection - HikariPool-2 - Start completed.
12-05-2020 02:33:14.010 [restartedMain] INFO  org.hibernate.dialect.Dialect.<init> - HHH000400: Using dialect: org.hibernate.dialect.MariaDBDialect
12-05-2020 02:33:14.091 [restartedMain] INFO  o.h.e.t.j.p.i.JtaPlatformInitiator.initiateService - HHH000490: Using JtaPlatform implementation: [org.hibernate.engine.transaction.jta.platform.internal.NoJtaPlatform]
12-05-2020 02:33:14.091 [restartedMain] INFO  o.s.o.j.LocalContainerEntityManagerFactoryBean.buildNativeEntityManagerFactory - Initialized JPA EntityManagerFactory for persistence unit 'default'
12-05-2020 02:33:14.106 [restartedMain] INFO  o.s.b.d.a.OptionalLiveReloadServer.startServer - LiveReload server is running on port 35729
12-05-2020 02:33:14.236 [restartedMain] WARN  o.s.b.a.o.j.JpaBaseConfiguration$JpaWebConfiguration.openEntityManagerInViewInterceptor - spring.jpa.open-in-view is enabled by default. Therefore, database queries may be performed during view rendering. Explicitly configure spring.jpa.open-in-view to disable this warning
12-05-2020 02:33:14.278 [restartedMain] INFO  o.s.s.c.ThreadPoolTaskExecutor.initialize - Initializing ExecutorService 'applicationTaskExecutor'
12-05-2020 02:33:14.377 [restartedMain] INFO  o.s.b.w.e.tomcat.TomcatWebServer.start - Tomcat started on port(s): 8080 (http) with context path ''
12-05-2020 02:33:14.378 [restartedMain] INFO  c.l.LibraryManagementApplication.logStarted - Started LibraryManagementApplication in 0.75 seconds (JVM running for 531.024)
12-05-2020 02:33:14.382 [restartedMain] INFO  o.s.b.d.a.ConditionEvaluationDeltaLoggingListener.onApplicationEvent - Condition evaluation unchanged
12-05-2020 02:33:30.556 [http-nio-8080-exec-1] INFO  o.a.c.c.C.[Tomcat].[localhost].[/].log - Initializing Spring DispatcherServlet 'dispatcherServlet'
12-05-2020 02:33:30.558 [http-nio-8080-exec-1] INFO  o.s.web.servlet.DispatcherServlet.initServletBean - Initializing Servlet 'dispatcherServlet'
12-05-2020 02:33:30.563 [http-nio-8080-exec-1] INFO  o.s.web.servlet.DispatcherServlet.initServletBean - Completed initialization in 4 ms
12-05-2020 02:33:41.091 [http-nio-8080-exec-2] WARN  o.s.w.s.m.s.DefaultHandlerExceptionResolver.logException - Resolved [org.springframework.web.bind.MissingServletRequestParameterException: Required String parameter 'bookName' is not present]
12-05-2020 02:34:48.386 [http-nio-8080-exec-4] WARN  o.s.w.s.m.s.DefaultHandlerExceptionResolver.logException - Resolved [org.springframework.web.bind.MissingServletRequestParameterException: Required String parameter 'bookName' is not present]
12-05-2020 02:36:04.200 [http-nio-8080-exec-6] WARN  o.s.w.s.m.s.DefaultHandlerExceptionResolver.logException - Resolved [org.springframework.web.bind.MissingServletRequestParameterException: Required String parameter 'bookName' is not present]
12-05-2020 02:37:51.201 [RMI TCP Connection(28)-127.0.0.1] INFO  o.s.b.a.SpringApplicationAdminMXBeanRegistrar$SpringApplicationAdmin.shutdown - Application shutdown requested.
12-05-2020 02:37:51.204 [RMI TCP Connection(28)-127.0.0.1] INFO  o.s.s.c.ThreadPoolTaskExecutor.shutdown - Shutting down ExecutorService 'applicationTaskExecutor'
12-05-2020 02:37:51.206 [RMI TCP Connection(28)-127.0.0.1] INFO  o.s.o.j.LocalContainerEntityManagerFactoryBean.destroy - Closing JPA EntityManagerFactory for persistence unit 'default'
12-05-2020 02:37:51.208 [RMI TCP Connection(28)-127.0.0.1] INFO  com.zaxxer.hikari.HikariDataSource.close - HikariPool-2 - Shutdown initiated...
12-05-2020 02:37:51.218 [RMI TCP Connection(28)-127.0.0.1] INFO  com.zaxxer.hikari.HikariDataSource.close - HikariPool-2 - Shutdown completed.
12-05-2020 09:28:00.532 [restartedMain] INFO  c.l.LibraryManagementApplication.logStarting - Starting LibraryManagementApplication on jaydeep-HP-Notebook with PID 3676 (/home/jaydeep/LibraryManagementSpring/LibraryManagement/target/classes started by jaydeep in /home/jaydeep/LibraryManagementSpring/LibraryManagement)
12-05-2020 09:28:00.568 [restartedMain] INFO  c.l.LibraryManagementApplication.logStartupProfileInfo - No active profile set, falling back to default profiles: default
12-05-2020 09:28:00.741 [restartedMain] INFO  o.s.b.d.restart.ChangeableUrls.logTo - The Class-Path manifest attribute in /home/jaydeep/.m2/repository/org/glassfish/jaxb/jaxb-runtime/2.3.2/jaxb-runtime-2.3.2.jar referenced one or more files that do not exist: file:/home/jaydeep/.m2/repository/org/glassfish/jaxb/jaxb-runtime/2.3.2/jakarta.xml.bind-api-2.3.2.jar,file:/home/jaydeep/.m2/repository/org/glassfish/jaxb/jaxb-runtime/2.3.2/txw2-2.3.2.jar,file:/home/jaydeep/.m2/repository/org/glassfish/jaxb/jaxb-runtime/2.3.2/istack-commons-runtime-3.0.8.jar,file:/home/jaydeep/.m2/repository/org/glassfish/jaxb/jaxb-runtime/2.3.2/stax-ex-1.8.1.jar,file:/home/jaydeep/.m2/repository/org/glassfish/jaxb/jaxb-runtime/2.3.2/FastInfoset-1.2.16.jar,file:/home/jaydeep/.m2/repository/org/glassfish/jaxb/jaxb-runtime/2.3.2/jakarta.activation-api-1.2.1.jar
12-05-2020 09:28:00.742 [restartedMain] INFO  o.s.b.d.e.DevToolsPropertyDefaultsPostProcessor.logTo - Devtools property defaults active! Set 'spring.devtools.add-properties' to 'false' to disable
12-05-2020 09:28:00.743 [restartedMain] INFO  o.s.b.d.e.DevToolsPropertyDefaultsPostProcessor.logTo - For additional web related logging consider setting the 'logging.level.web' property to 'DEBUG'
12-05-2020 09:28:03.033 [restartedMain] INFO  o.s.d.r.c.RepositoryConfigurationDelegate.registerRepositoriesIn - Bootstrapping Spring Data JPA repositories in DEFAULT mode.
12-05-2020 09:28:03.110 [restartedMain] INFO  o.s.d.r.c.RepositoryConfigurationDelegate.registerRepositoriesIn - Finished Spring Data repository scanning in 67ms. Found 4 JPA repository interfaces.
12-05-2020 09:28:04.233 [restartedMain] INFO  o.s.b.w.e.tomcat.TomcatWebServer.initialize - Tomcat initialized with port(s): 8080 (http)
12-05-2020 09:28:04.252 [restartedMain] INFO  o.a.catalina.core.StandardService.log - Starting service [Tomcat]
12-05-2020 09:28:04.253 [restartedMain] INFO  o.a.catalina.core.StandardEngine.log - Starting Servlet engine: [Apache Tomcat/9.0.33]
12-05-2020 09:28:04.390 [restartedMain] INFO  o.a.c.c.C.[Tomcat].[localhost].[/].log - Initializing Spring embedded WebApplicationContext
12-05-2020 09:28:04.391 [restartedMain] INFO  o.s.web.context.ContextLoader.prepareWebApplicationContext - Root WebApplicationContext: initialization completed in 3648 ms
12-05-2020 09:28:05.075 [restartedMain] INFO  o.h.jpa.internal.util.LogHelper.logPersistenceUnitInformation - HHH000204: Processing PersistenceUnitInfo [name: default]
12-05-2020 09:28:05.582 [restartedMain] INFO  org.hibernate.Version.logVersion - HHH000412: Hibernate ORM core version 5.4.12.Final
12-05-2020 09:28:06.319 [restartedMain] INFO  o.h.annotations.common.Version.<clinit> - HCANN000001: Hibernate Commons Annotations {5.1.0.Final}
12-05-2020 09:28:07.379 [restartedMain] INFO  com.zaxxer.hikari.HikariDataSource.getConnection - HikariPool-1 - Starting...
12-05-2020 09:28:07.571 [restartedMain] INFO  com.zaxxer.hikari.HikariDataSource.getConnection - HikariPool-1 - Start completed.
12-05-2020 09:28:07.641 [restartedMain] INFO  org.hibernate.dialect.Dialect.<init> - HHH000400: Using dialect: org.hibernate.dialect.MariaDBDialect
12-05-2020 09:28:08.919 [restartedMain] INFO  o.h.e.t.j.p.i.JtaPlatformInitiator.initiateService - HHH000490: Using JtaPlatform implementation: [org.hibernate.engine.transaction.jta.platform.internal.NoJtaPlatform]
12-05-2020 09:28:08.929 [restartedMain] INFO  o.s.o.j.LocalContainerEntityManagerFactoryBean.buildNativeEntityManagerFactory - Initialized JPA EntityManagerFactory for persistence unit 'default'
12-05-2020 09:28:09.015 [restartedMain] INFO  o.s.b.d.a.OptionalLiveReloadServer.startServer - LiveReload server is running on port 35729
12-05-2020 09:28:09.591 [restartedMain] WARN  o.s.b.a.o.j.JpaBaseConfiguration$JpaWebConfiguration.openEntityManagerInViewInterceptor - spring.jpa.open-in-view is enabled by default. Therefore, database queries may be performed during view rendering. Explicitly configure spring.jpa.open-in-view to disable this warning
12-05-2020 09:28:09.783 [restartedMain] INFO  o.s.s.c.ThreadPoolTaskExecutor.initialize - Initializing ExecutorService 'applicationTaskExecutor'
12-05-2020 09:28:10.372 [restartedMain] INFO  o.s.b.w.e.tomcat.TomcatWebServer.start - Tomcat started on port(s): 8080 (http) with context path ''
12-05-2020 09:28:10.375 [restartedMain] INFO  c.l.LibraryManagementApplication.logStarted - Started LibraryManagementApplication in 11.112 seconds (JVM running for 12.775)
12-05-2020 09:28:31.225 [http-nio-8080-exec-1] INFO  o.a.c.c.C.[Tomcat].[localhost].[/].log - Initializing Spring DispatcherServlet 'dispatcherServlet'
12-05-2020 09:28:31.225 [http-nio-8080-exec-1] INFO  o.s.web.servlet.DispatcherServlet.initServletBean - Initializing Servlet 'dispatcherServlet'
12-05-2020 09:28:31.233 [http-nio-8080-exec-1] INFO  o.s.web.servlet.DispatcherServlet.initServletBean - Completed initialization in 8 ms
12-05-2020 09:31:57.653 [http-nio-8080-exec-7] WARN  o.s.w.s.m.s.DefaultHandlerExceptionResolver.logException - Resolved [org.springframework.web.bind.MissingServletRequestParameterException: Required String parameter 'bookName' is not present]
12-05-2020 09:33:26.438 [http-nio-8080-exec-10] WARN  o.s.w.s.m.s.DefaultHandlerExceptionResolver.logException - Resolved [org.springframework.web.bind.MissingServletRequestParameterException: Required String parameter 'bookName' is not present]
12-05-2020 09:35:24.063 [http-nio-8080-exec-2] WARN  o.s.w.s.m.s.DefaultHandlerExceptionResolver.logException - Resolved [org.springframework.web.bind.MissingServletRequestParameterException: Required String parameter 'bookName' is not present]
12-05-2020 09:39:17.912 [http-nio-8080-exec-4] WARN  o.s.w.s.m.s.DefaultHandlerExceptionResolver.logException - Resolved [org.springframework.web.bind.MissingServletRequestParameterException: Required String parameter 'bookName' is not present]
12-05-2020 09:55:44.417 [Thread-7] INFO  o.s.s.c.ThreadPoolTaskExecutor.shutdown - Shutting down ExecutorService 'applicationTaskExecutor'
12-05-2020 09:55:44.421 [Thread-7] INFO  o.s.o.j.LocalContainerEntityManagerFactoryBean.destroy - Closing JPA EntityManagerFactory for persistence unit 'default'
12-05-2020 09:55:44.432 [Thread-7] INFO  com.zaxxer.hikari.HikariDataSource.close - HikariPool-1 - Shutdown initiated...
12-05-2020 09:55:44.441 [Thread-7] INFO  com.zaxxer.hikari.HikariDataSource.close - HikariPool-1 - Shutdown completed.
12-05-2020 09:55:44.782 [restartedMain] INFO  c.l.LibraryManagementApplication.logStarting - Starting LibraryManagementApplication on jaydeep-HP-Notebook with PID 3676 (/home/jaydeep/LibraryManagementSpring/LibraryManagement/target/classes started by jaydeep in /home/jaydeep/LibraryManagementSpring/LibraryManagement)
12-05-2020 09:55:44.783 [restartedMain] INFO  c.l.LibraryManagementApplication.logStartupProfileInfo - No active profile set, falling back to default profiles: default
12-05-2020 09:55:45.005 [restartedMain] INFO  o.s.d.r.c.RepositoryConfigurationDelegate.registerRepositoriesIn - Bootstrapping Spring Data JPA repositories in DEFAULT mode.
12-05-2020 09:55:45.036 [restartedMain] INFO  o.s.d.r.c.RepositoryConfigurationDelegate.registerRepositoriesIn - Finished Spring Data repository scanning in 30ms. Found 4 JPA repository interfaces.
12-05-2020 09:55:45.252 [restartedMain] INFO  o.s.b.w.e.tomcat.TomcatWebServer.initialize - Tomcat initialized with port(s): 8080 (http)
12-05-2020 09:55:45.253 [restartedMain] INFO  o.a.catalina.core.StandardService.log - Starting service [Tomcat]
12-05-2020 09:55:45.254 [restartedMain] INFO  o.a.catalina.core.StandardEngine.log - Starting Servlet engine: [Apache Tomcat/9.0.33]
12-05-2020 09:55:45.272 [restartedMain] INFO  o.a.c.c.C.[Tomcat].[localhost].[/].log - Initializing Spring embedded WebApplicationContext
12-05-2020 09:55:45.272 [restartedMain] INFO  o.s.web.context.ContextLoader.prepareWebApplicationContext - Root WebApplicationContext: initialization completed in 485 ms
12-05-2020 09:55:45.366 [restartedMain] INFO  o.h.jpa.internal.util.LogHelper.logPersistenceUnitInformation - HHH000204: Processing PersistenceUnitInfo [name: default]
12-05-2020 09:55:45.373 [restartedMain] INFO  com.zaxxer.hikari.HikariDataSource.getConnection - HikariPool-2 - Starting...
12-05-2020 09:55:45.382 [restartedMain] INFO  com.zaxxer.hikari.HikariDataSource.getConnection - HikariPool-2 - Start completed.
12-05-2020 09:55:45.384 [restartedMain] INFO  org.hibernate.dialect.Dialect.<init> - HHH000400: Using dialect: org.hibernate.dialect.MariaDBDialect
12-05-2020 09:55:45.539 [restartedMain] INFO  o.h.e.t.j.p.i.JtaPlatformInitiator.initiateService - HHH000490: Using JtaPlatform implementation: [org.hibernate.engine.transaction.jta.platform.internal.NoJtaPlatform]
12-05-2020 09:55:45.540 [restartedMain] INFO  o.s.o.j.LocalContainerEntityManagerFactoryBean.buildNativeEntityManagerFactory - Initialized JPA EntityManagerFactory for persistence unit 'default'
12-05-2020 09:55:45.559 [restartedMain] INFO  o.s.b.d.a.OptionalLiveReloadServer.startServer - LiveReload server is running on port 35729
12-05-2020 09:55:45.757 [restartedMain] WARN  o.s.b.a.o.j.JpaBaseConfiguration$JpaWebConfiguration.openEntityManagerInViewInterceptor - spring.jpa.open-in-view is enabled by default. Therefore, database queries may be performed during view rendering. Explicitly configure spring.jpa.open-in-view to disable this warning
12-05-2020 09:55:45.813 [restartedMain] INFO  o.s.s.c.ThreadPoolTaskExecutor.initialize - Initializing ExecutorService 'applicationTaskExecutor'
12-05-2020 09:55:45.921 [restartedMain] INFO  o.s.b.w.e.tomcat.TomcatWebServer.start - Tomcat started on port(s): 8080 (http) with context path ''
12-05-2020 09:55:45.922 [restartedMain] INFO  c.l.LibraryManagementApplication.logStarted - Started LibraryManagementApplication in 1.187 seconds (JVM running for 1668.323)
12-05-2020 09:55:45.926 [restartedMain] INFO  o.s.b.d.a.ConditionEvaluationDeltaLoggingListener.onApplicationEvent - Condition evaluation unchanged
12-05-2020 09:55:48.326 [Thread-15] INFO  o.s.s.c.ThreadPoolTaskExecutor.shutdown - Shutting down ExecutorService 'applicationTaskExecutor'
12-05-2020 09:55:48.333 [Thread-15] INFO  o.s.o.j.LocalContainerEntityManagerFactoryBean.destroy - Closing JPA EntityManagerFactory for persistence unit 'default'
12-05-2020 09:55:48.338 [Thread-15] INFO  com.zaxxer.hikari.HikariDataSource.close - HikariPool-2 - Shutdown initiated...
12-05-2020 09:55:48.355 [Thread-15] INFO  com.zaxxer.hikari.HikariDataSource.close - HikariPool-2 - Shutdown completed.
12-05-2020 09:55:48.674 [restartedMain] INFO  c.l.LibraryManagementApplication.logStarting - Starting LibraryManagementApplication on jaydeep-HP-Notebook with PID 3676 (/home/jaydeep/LibraryManagementSpring/LibraryManagement/target/classes started by jaydeep in /home/jaydeep/LibraryManagementSpring/LibraryManagement)
12-05-2020 09:55:48.675 [restartedMain] INFO  c.l.LibraryManagementApplication.logStartupProfileInfo - No active profile set, falling back to default profiles: default
12-05-2020 09:55:48.855 [restartedMain] INFO  o.s.d.r.c.RepositoryConfigurationDelegate.registerRepositoriesIn - Bootstrapping Spring Data JPA repositories in DEFAULT mode.
12-05-2020 09:55:48.870 [restartedMain] INFO  o.s.d.r.c.RepositoryConfigurationDelegate.registerRepositoriesIn - Finished Spring Data repository scanning in 13ms. Found 4 JPA repository interfaces.
12-05-2020 09:55:48.999 [restartedMain] INFO  o.s.b.w.e.tomcat.TomcatWebServer.initialize - Tomcat initialized with port(s): 8080 (http)
12-05-2020 09:55:49.000 [restartedMain] INFO  o.a.catalina.core.StandardService.log - Starting service [Tomcat]
12-05-2020 09:55:49.001 [restartedMain] INFO  o.a.catalina.core.StandardEngine.log - Starting Servlet engine: [Apache Tomcat/9.0.33]
12-05-2020 09:55:49.004 [restartedMain] INFO  o.a.c.c.C.[Tomcat].[localhost].[/].log - Initializing Spring embedded WebApplicationContext
12-05-2020 09:55:49.005 [restartedMain] INFO  o.s.web.context.ContextLoader.prepareWebApplicationContext - Root WebApplicationContext: initialization completed in 326 ms
12-05-2020 09:55:49.057 [restartedMain] INFO  o.h.jpa.internal.util.LogHelper.logPersistenceUnitInformation - HHH000204: Processing PersistenceUnitInfo [name: default]
12-05-2020 09:55:49.062 [restartedMain] INFO  com.zaxxer.hikari.HikariDataSource.getConnection - HikariPool-3 - Starting...
12-05-2020 09:55:49.067 [restartedMain] INFO  com.zaxxer.hikari.HikariDataSource.getConnection - HikariPool-3 - Start completed.
12-05-2020 09:55:49.068 [restartedMain] INFO  org.hibernate.dialect.Dialect.<init> - HHH000400: Using dialect: org.hibernate.dialect.MariaDBDialect
12-05-2020 09:55:49.160 [restartedMain] INFO  o.h.e.t.j.p.i.JtaPlatformInitiator.initiateService - HHH000490: Using JtaPlatform implementation: [org.hibernate.engine.transaction.jta.platform.internal.NoJtaPlatform]
12-05-2020 09:55:49.160 [restartedMain] INFO  o.s.o.j.LocalContainerEntityManagerFactoryBean.buildNativeEntityManagerFactory - Initialized JPA EntityManagerFactory for persistence unit 'default'
12-05-2020 09:55:49.177 [restartedMain] INFO  o.s.b.d.a.OptionalLiveReloadServer.startServer - LiveReload server is running on port 35729
12-05-2020 09:55:49.316 [restartedMain] WARN  o.s.b.a.o.j.JpaBaseConfiguration$JpaWebConfiguration.openEntityManagerInViewInterceptor - spring.jpa.open-in-view is enabled by default. Therefore, database queries may be performed during view rendering. Explicitly configure spring.jpa.open-in-view to disable this warning
12-05-2020 09:55:49.362 [restartedMain] INFO  o.s.s.c.ThreadPoolTaskExecutor.initialize - Initializing ExecutorService 'applicationTaskExecutor'
12-05-2020 09:55:49.446 [restartedMain] INFO  o.s.b.w.e.tomcat.TomcatWebServer.start - Tomcat started on port(s): 8080 (http) with context path ''
12-05-2020 09:55:49.447 [restartedMain] INFO  c.l.LibraryManagementApplication.logStarted - Started LibraryManagementApplication in 0.813 seconds (JVM running for 1671.848)
12-05-2020 09:55:49.451 [restartedMain] INFO  o.s.b.d.a.ConditionEvaluationDeltaLoggingListener.onApplicationEvent - Condition evaluation unchanged
12-05-2020 09:56:22.940 [Thread-22] INFO  o.s.s.c.ThreadPoolTaskExecutor.shutdown - Shutting down ExecutorService 'applicationTaskExecutor'
12-05-2020 09:56:22.945 [Thread-22] INFO  o.s.o.j.LocalContainerEntityManagerFactoryBean.destroy - Closing JPA EntityManagerFactory for persistence unit 'default'
12-05-2020 09:56:22.951 [Thread-22] INFO  com.zaxxer.hikari.HikariDataSource.close - HikariPool-3 - Shutdown initiated...
12-05-2020 09:56:22.963 [Thread-22] INFO  com.zaxxer.hikari.HikariDataSource.close - HikariPool-3 - Shutdown completed.
12-05-2020 09:56:23.308 [restartedMain] INFO  c.l.LibraryManagementApplication.logStarting - Starting LibraryManagementApplication on jaydeep-HP-Notebook with PID 3676 (/home/jaydeep/LibraryManagementSpring/LibraryManagement/target/classes started by jaydeep in /home/jaydeep/LibraryManagementSpring/LibraryManagement)
12-05-2020 09:56:23.309 [restartedMain] INFO  c.l.LibraryManagementApplication.logStartupProfileInfo - No active profile set, falling back to default profiles: default
12-05-2020 09:56:23.436 [restartedMain] INFO  o.s.d.r.c.RepositoryConfigurationDelegate.registerRepositoriesIn - Bootstrapping Spring Data JPA repositories in DEFAULT mode.
12-05-2020 09:56:23.447 [restartedMain] INFO  o.s.d.r.c.RepositoryConfigurationDelegate.registerRepositoriesIn - Finished Spring Data repository scanning in 11ms. Found 4 JPA repository interfaces.
12-05-2020 09:56:23.537 [restartedMain] INFO  o.s.b.w.e.tomcat.TomcatWebServer.initialize - Tomcat initialized with port(s): 8080 (http)
12-05-2020 09:56:23.538 [restartedMain] INFO  o.a.catalina.core.StandardService.log - Starting service [Tomcat]
12-05-2020 09:56:23.538 [restartedMain] INFO  o.a.catalina.core.StandardEngine.log - Starting Servlet engine: [Apache Tomcat/9.0.33]
12-05-2020 09:56:23.543 [restartedMain] INFO  o.a.c.c.C.[Tomcat].[localhost].[/].log - Initializing Spring embedded WebApplicationContext
12-05-2020 09:56:23.543 [restartedMain] INFO  o.s.web.context.ContextLoader.prepareWebApplicationContext - Root WebApplicationContext: initialization completed in 232 ms
12-05-2020 09:56:23.582 [restartedMain] INFO  o.h.jpa.internal.util.LogHelper.logPersistenceUnitInformation - HHH000204: Processing PersistenceUnitInfo [name: default]
12-05-2020 09:56:23.586 [restartedMain] INFO  com.zaxxer.hikari.HikariDataSource.getConnection - HikariPool-4 - Starting...
12-05-2020 09:56:23.589 [restartedMain] INFO  com.zaxxer.hikari.HikariDataSource.getConnection - HikariPool-4 - Start completed.
12-05-2020 09:56:23.589 [restartedMain] INFO  org.hibernate.dialect.Dialect.<init> - HHH000400: Using dialect: org.hibernate.dialect.MariaDBDialect
12-05-2020 09:56:23.677 [restartedMain] INFO  o.h.e.t.j.p.i.JtaPlatformInitiator.initiateService - HHH000490: Using JtaPlatform implementation: [org.hibernate.engine.transaction.jta.platform.internal.NoJtaPlatform]
12-05-2020 09:56:23.678 [restartedMain] INFO  o.s.o.j.LocalContainerEntityManagerFactoryBean.buildNativeEntityManagerFactory - Initialized JPA EntityManagerFactory for persistence unit 'default'
12-05-2020 09:56:23.688 [restartedMain] INFO  o.s.b.d.a.OptionalLiveReloadServer.startServer - LiveReload server is running on port 35729
12-05-2020 09:56:23.810 [restartedMain] WARN  o.s.b.a.o.j.JpaBaseConfiguration$JpaWebConfiguration.openEntityManagerInViewInterceptor - spring.jpa.open-in-view is enabled by default. Therefore, database queries may be performed during view rendering. Explicitly configure spring.jpa.open-in-view to disable this warning
12-05-2020 09:56:23.850 [restartedMain] INFO  o.s.s.c.ThreadPoolTaskExecutor.initialize - Initializing ExecutorService 'applicationTaskExecutor'
12-05-2020 09:56:23.950 [restartedMain] INFO  o.s.b.w.e.tomcat.TomcatWebServer.start - Tomcat started on port(s): 8080 (http) with context path ''
12-05-2020 09:56:23.951 [restartedMain] INFO  c.l.LibraryManagementApplication.logStarted - Started LibraryManagementApplication in 0.665 seconds (JVM running for 1706.352)
12-05-2020 09:56:23.954 [restartedMain] INFO  o.s.b.d.a.ConditionEvaluationDeltaLoggingListener.onApplicationEvent - Condition evaluation unchanged
12-05-2020 09:56:30.356 [Thread-29] INFO  o.s.s.c.ThreadPoolTaskExecutor.shutdown - Shutting down ExecutorService 'applicationTaskExecutor'
12-05-2020 09:56:30.358 [Thread-29] INFO  o.s.o.j.LocalContainerEntityManagerFactoryBean.destroy - Closing JPA EntityManagerFactory for persistence unit 'default'
12-05-2020 09:56:30.359 [Thread-29] INFO  com.zaxxer.hikari.HikariDataSource.close - HikariPool-4 - Shutdown initiated...
12-05-2020 09:56:30.363 [Thread-29] INFO  com.zaxxer.hikari.HikariDataSource.close - HikariPool-4 - Shutdown completed.
12-05-2020 09:56:30.543 [restartedMain] INFO  c.l.LibraryManagementApplication.logStarting - Starting LibraryManagementApplication on jaydeep-HP-Notebook with PID 3676 (/home/jaydeep/LibraryManagementSpring/LibraryManagement/target/classes started by jaydeep in /home/jaydeep/LibraryManagementSpring/LibraryManagement)
12-05-2020 09:56:30.544 [restartedMain] INFO  c.l.LibraryManagementApplication.logStartupProfileInfo - No active profile set, falling back to default profiles: default
12-05-2020 09:56:30.673 [restartedMain] INFO  o.s.d.r.c.RepositoryConfigurationDelegate.registerRepositoriesIn - Bootstrapping Spring Data JPA repositories in DEFAULT mode.
12-05-2020 09:56:30.685 [restartedMain] INFO  o.s.d.r.c.RepositoryConfigurationDelegate.registerRepositoriesIn - Finished Spring Data repository scanning in 11ms. Found 4 JPA repository interfaces.
12-05-2020 09:56:30.775 [restartedMain] INFO  o.s.b.w.e.tomcat.TomcatWebServer.initialize - Tomcat initialized with port(s): 8080 (http)
12-05-2020 09:56:30.776 [restartedMain] INFO  o.a.catalina.core.StandardService.log - Starting service [Tomcat]
12-05-2020 09:56:30.776 [restartedMain] INFO  o.a.catalina.core.StandardEngine.log - Starting Servlet engine: [Apache Tomcat/9.0.33]
12-05-2020 09:56:30.781 [restartedMain] INFO  o.a.c.c.C.[Tomcat].[localhost].[/].log - Initializing Spring embedded WebApplicationContext
12-05-2020 09:56:30.781 [restartedMain] INFO  o.s.web.context.ContextLoader.prepareWebApplicationContext - Root WebApplicationContext: initialization completed in 235 ms
12-05-2020 09:56:30.819 [restartedMain] INFO  o.h.jpa.internal.util.LogHelper.logPersistenceUnitInformation - HHH000204: Processing PersistenceUnitInfo [name: default]
12-05-2020 09:56:30.823 [restartedMain] INFO  com.zaxxer.hikari.HikariDataSource.getConnection - HikariPool-5 - Starting...
12-05-2020 09:56:30.825 [restartedMain] INFO  com.zaxxer.hikari.HikariDataSource.getConnection - HikariPool-5 - Start completed.
12-05-2020 09:56:30.826 [restartedMain] INFO  org.hibernate.dialect.Dialect.<init> - HHH000400: Using dialect: org.hibernate.dialect.MariaDBDialect
12-05-2020 09:56:30.894 [restartedMain] INFO  o.h.e.t.j.p.i.JtaPlatformInitiator.initiateService - HHH000490: Using JtaPlatform implementation: [org.hibernate.engine.transaction.jta.platform.internal.NoJtaPlatform]
12-05-2020 09:56:30.896 [restartedMain] INFO  o.s.o.j.LocalContainerEntityManagerFactoryBean.buildNativeEntityManagerFactory - Initialized JPA EntityManagerFactory for persistence unit 'default'
12-05-2020 09:56:30.906 [restartedMain] INFO  o.s.b.d.a.OptionalLiveReloadServer.startServer - LiveReload server is running on port 35729
12-05-2020 09:56:31.021 [restartedMain] WARN  o.s.b.a.o.j.JpaBaseConfiguration$JpaWebConfiguration.openEntityManagerInViewInterceptor - spring.jpa.open-in-view is enabled by default. Therefore, database queries may be performed during view rendering. Explicitly configure spring.jpa.open-in-view to disable this warning
12-05-2020 09:56:31.055 [restartedMain] INFO  o.s.s.c.ThreadPoolTaskExecutor.initialize - Initializing ExecutorService 'applicationTaskExecutor'
12-05-2020 09:56:31.122 [restartedMain] INFO  o.s.b.w.e.tomcat.TomcatWebServer.start - Tomcat started on port(s): 8080 (http) with context path ''
12-05-2020 09:56:31.122 [restartedMain] INFO  c.l.LibraryManagementApplication.logStarted - Started LibraryManagementApplication in 0.6 seconds (JVM running for 1713.523)
12-05-2020 09:56:31.125 [restartedMain] INFO  o.s.b.d.a.ConditionEvaluationDeltaLoggingListener.onApplicationEvent - Condition evaluation unchanged
12-05-2020 09:56:46.559 [Thread-36] INFO  o.s.s.c.ThreadPoolTaskExecutor.shutdown - Shutting down ExecutorService 'applicationTaskExecutor'
12-05-2020 09:56:46.565 [Thread-36] INFO  o.s.o.j.LocalContainerEntityManagerFactoryBean.destroy - Closing JPA EntityManagerFactory for persistence unit 'default'
12-05-2020 09:56:46.568 [Thread-36] INFO  com.zaxxer.hikari.HikariDataSource.close - HikariPool-5 - Shutdown initiated...
12-05-2020 09:56:46.585 [Thread-36] INFO  com.zaxxer.hikari.HikariDataSource.close - HikariPool-5 - Shutdown completed.
12-05-2020 09:56:46.802 [restartedMain] INFO  c.l.LibraryManagementApplication.logStarting - Starting LibraryManagementApplication on jaydeep-HP-Notebook with PID 3676 (/home/jaydeep/LibraryManagementSpring/LibraryManagement/target/classes started by jaydeep in /home/jaydeep/LibraryManagementSpring/LibraryManagement)
12-05-2020 09:56:46.803 [restartedMain] INFO  c.l.LibraryManagementApplication.logStartupProfileInfo - No active profile set, falling back to default profiles: default
12-05-2020 09:56:46.928 [restartedMain] INFO  o.s.d.r.c.RepositoryConfigurationDelegate.registerRepositoriesIn - Bootstrapping Spring Data JPA repositories in DEFAULT mode.
12-05-2020 09:56:46.939 [restartedMain] INFO  o.s.d.r.c.RepositoryConfigurationDelegate.registerRepositoriesIn - Finished Spring Data repository scanning in 11ms. Found 4 JPA repository interfaces.
12-05-2020 09:56:47.031 [restartedMain] INFO  o.s.b.w.e.tomcat.TomcatWebServer.initialize - Tomcat initialized with port(s): 8080 (http)
12-05-2020 09:56:47.032 [restartedMain] INFO  o.a.catalina.core.StandardService.log - Starting service [Tomcat]
12-05-2020 09:56:47.032 [restartedMain] INFO  o.a.catalina.core.StandardEngine.log - Starting Servlet engine: [Apache Tomcat/9.0.33]
12-05-2020 09:56:47.037 [restartedMain] INFO  o.a.c.c.C.[Tomcat].[localhost].[/].log - Initializing Spring embedded WebApplicationContext
12-05-2020 09:56:47.037 [restartedMain] INFO  o.s.web.context.ContextLoader.prepareWebApplicationContext - Root WebApplicationContext: initialization completed in 232 ms
12-05-2020 09:56:47.075 [restartedMain] INFO  o.h.jpa.internal.util.LogHelper.logPersistenceUnitInformation - HHH000204: Processing PersistenceUnitInfo [name: default]
12-05-2020 09:56:47.081 [restartedMain] INFO  com.zaxxer.hikari.HikariDataSource.getConnection - HikariPool-6 - Starting...
12-05-2020 09:56:47.085 [restartedMain] INFO  com.zaxxer.hikari.HikariDataSource.getConnection - HikariPool-6 - Start completed.
12-05-2020 09:56:47.086 [restartedMain] INFO  org.hibernate.dialect.Dialect.<init> - HHH000400: Using dialect: org.hibernate.dialect.MariaDBDialect
12-05-2020 09:56:47.177 [restartedMain] INFO  o.h.e.t.j.p.i.JtaPlatformInitiator.initiateService - HHH000490: Using JtaPlatform implementation: [org.hibernate.engine.transaction.jta.platform.internal.NoJtaPlatform]
12-05-2020 09:56:47.178 [restartedMain] INFO  o.s.o.j.LocalContainerEntityManagerFactoryBean.buildNativeEntityManagerFactory - Initialized JPA EntityManagerFactory for persistence unit 'default'
12-05-2020 09:56:47.194 [restartedMain] INFO  o.s.b.d.a.OptionalLiveReloadServer.startServer - LiveReload server is running on port 35729
12-05-2020 09:56:47.372 [restartedMain] WARN  o.s.b.a.o.j.JpaBaseConfiguration$JpaWebConfiguration.openEntityManagerInViewInterceptor - spring.jpa.open-in-view is enabled by default. Therefore, database queries may be performed during view rendering. Explicitly configure spring.jpa.open-in-view to disable this warning
12-05-2020 09:56:47.431 [restartedMain] INFO  o.s.s.c.ThreadPoolTaskExecutor.initialize - Initializing ExecutorService 'applicationTaskExecutor'
12-05-2020 09:56:47.535 [restartedMain] INFO  o.s.b.w.e.tomcat.TomcatWebServer.start - Tomcat started on port(s): 8080 (http) with context path ''
12-05-2020 09:56:47.536 [restartedMain] INFO  c.l.LibraryManagementApplication.logStarted - Started LibraryManagementApplication in 0.753 seconds (JVM running for 1729.937)
12-05-2020 09:56:47.543 [restartedMain] INFO  o.s.b.d.a.ConditionEvaluationDeltaLoggingListener.onApplicationEvent - Condition evaluation unchanged
12-05-2020 09:56:48.391 [http-nio-8080-exec-1] INFO  o.a.c.c.C.[Tomcat].[localhost].[/].log - Initializing Spring DispatcherServlet 'dispatcherServlet'
12-05-2020 09:56:48.394 [http-nio-8080-exec-1] INFO  o.s.web.servlet.DispatcherServlet.initServletBean - Initializing Servlet 'dispatcherServlet'
12-05-2020 09:56:48.402 [http-nio-8080-exec-1] INFO  o.s.web.servlet.DispatcherServlet.initServletBean - Completed initialization in 7 ms
12-05-2020 10:21:45.675 [RMI TCP Connection(72)-127.0.0.1] INFO  o.s.b.a.SpringApplicationAdminMXBeanRegistrar$SpringApplicationAdmin.shutdown - Application shutdown requested.
12-05-2020 10:21:45.679 [RMI TCP Connection(72)-127.0.0.1] INFO  o.s.s.c.ThreadPoolTaskExecutor.shutdown - Shutting down ExecutorService 'applicationTaskExecutor'
12-05-2020 10:21:45.680 [RMI TCP Connection(72)-127.0.0.1] INFO  o.s.o.j.LocalContainerEntityManagerFactoryBean.destroy - Closing JPA EntityManagerFactory for persistence unit 'default'
12-05-2020 10:21:45.681 [RMI TCP Connection(72)-127.0.0.1] INFO  com.zaxxer.hikari.HikariDataSource.close - HikariPool-6 - Shutdown initiated...
12-05-2020 10:21:45.685 [RMI TCP Connection(72)-127.0.0.1] INFO  com.zaxxer.hikari.HikariDataSource.close - HikariPool-6 - Shutdown completed.
12-05-2020 12:52:50.659 [restartedMain] INFO  c.l.LibraryManagementApplication.logStarting - Starting LibraryManagementApplication on jaydeep-HP-Notebook with PID 15946 (/home/jaydeep/LibraryManagementSpring/LibraryManagement/target/classes started by jaydeep in /home/jaydeep/LibraryManagementSpring/LibraryManagement)
12-05-2020 12:52:50.665 [restartedMain] INFO  c.l.LibraryManagementApplication.logStartupProfileInfo - No active profile set, falling back to default profiles: default
12-05-2020 12:52:50.857 [restartedMain] INFO  o.s.b.d.restart.ChangeableUrls.logTo - The Class-Path manifest attribute in /home/jaydeep/.m2/repository/org/glassfish/jaxb/jaxb-runtime/2.3.2/jaxb-runtime-2.3.2.jar referenced one or more files that do not exist: file:/home/jaydeep/.m2/repository/org/glassfish/jaxb/jaxb-runtime/2.3.2/jakarta.xml.bind-api-2.3.2.jar,file:/home/jaydeep/.m2/repository/org/glassfish/jaxb/jaxb-runtime/2.3.2/txw2-2.3.2.jar,file:/home/jaydeep/.m2/repository/org/glassfish/jaxb/jaxb-runtime/2.3.2/istack-commons-runtime-3.0.8.jar,file:/home/jaydeep/.m2/repository/org/glassfish/jaxb/jaxb-runtime/2.3.2/stax-ex-1.8.1.jar,file:/home/jaydeep/.m2/repository/org/glassfish/jaxb/jaxb-runtime/2.3.2/FastInfoset-1.2.16.jar,file:/home/jaydeep/.m2/repository/org/glassfish/jaxb/jaxb-runtime/2.3.2/jakarta.activation-api-1.2.1.jar
12-05-2020 12:52:50.859 [restartedMain] INFO  o.s.b.d.e.DevToolsPropertyDefaultsPostProcessor.logTo - Devtools property defaults active! Set 'spring.devtools.add-properties' to 'false' to disable
12-05-2020 12:52:50.859 [restartedMain] INFO  o.s.b.d.e.DevToolsPropertyDefaultsPostProcessor.logTo - For additional web related logging consider setting the 'logging.level.web' property to 'DEBUG'
12-05-2020 12:52:52.508 [restartedMain] INFO  o.s.d.r.c.RepositoryConfigurationDelegate.registerRepositoriesIn - Bootstrapping Spring Data JPA repositories in DEFAULT mode.
12-05-2020 12:52:52.607 [restartedMain] INFO  o.s.d.r.c.RepositoryConfigurationDelegate.registerRepositoriesIn - Finished Spring Data repository scanning in 89ms. Found 4 JPA repository interfaces.
12-05-2020 12:52:53.552 [restartedMain] INFO  o.s.b.w.e.tomcat.TomcatWebServer.initialize - Tomcat initialized with port(s): 8080 (http)
12-05-2020 12:52:53.562 [restartedMain] INFO  o.a.catalina.core.StandardService.log - Starting service [Tomcat]
12-05-2020 12:52:53.562 [restartedMain] INFO  o.a.catalina.core.StandardEngine.log - Starting Servlet engine: [Apache Tomcat/9.0.33]
12-05-2020 12:52:53.657 [restartedMain] INFO  o.a.c.c.C.[Tomcat].[localhost].[/].log - Initializing Spring embedded WebApplicationContext
12-05-2020 12:52:53.658 [restartedMain] INFO  o.s.web.context.ContextLoader.prepareWebApplicationContext - Root WebApplicationContext: initialization completed in 2798 ms
12-05-2020 12:52:54.043 [restartedMain] INFO  o.h.jpa.internal.util.LogHelper.logPersistenceUnitInformation - HHH000204: Processing PersistenceUnitInfo [name: default]
12-05-2020 12:52:54.174 [restartedMain] INFO  org.hibernate.Version.logVersion - HHH000412: Hibernate ORM core version 5.4.12.Final
12-05-2020 12:52:54.376 [restartedMain] INFO  o.h.annotations.common.Version.<clinit> - HCANN000001: Hibernate Commons Annotations {5.1.0.Final}
12-05-2020 12:52:54.568 [restartedMain] INFO  com.zaxxer.hikari.HikariDataSource.getConnection - HikariPool-1 - Starting...
12-05-2020 12:52:54.635 [restartedMain] INFO  com.zaxxer.hikari.HikariDataSource.getConnection - HikariPool-1 - Start completed.
12-05-2020 12:52:54.665 [restartedMain] INFO  org.hibernate.dialect.Dialect.<init> - HHH000400: Using dialect: org.hibernate.dialect.MariaDBDialect
12-05-2020 12:52:55.578 [restartedMain] INFO  o.h.e.t.j.p.i.JtaPlatformInitiator.initiateService - HHH000490: Using JtaPlatform implementation: [org.hibernate.engine.transaction.jta.platform.internal.NoJtaPlatform]
12-05-2020 12:52:55.592 [restartedMain] INFO  o.s.o.j.LocalContainerEntityManagerFactoryBean.buildNativeEntityManagerFactory - Initialized JPA EntityManagerFactory for persistence unit 'default'
12-05-2020 12:52:55.644 [restartedMain] INFO  o.s.b.d.a.OptionalLiveReloadServer.startServer - LiveReload server is running on port 35729
12-05-2020 12:52:56.177 [restartedMain] WARN  o.s.b.a.o.j.JpaBaseConfiguration$JpaWebConfiguration.openEntityManagerInViewInterceptor - spring.jpa.open-in-view is enabled by default. Therefore, database queries may be performed during view rendering. Explicitly configure spring.jpa.open-in-view to disable this warning
12-05-2020 12:52:56.336 [restartedMain] INFO  o.s.s.c.ThreadPoolTaskExecutor.initialize - Initializing ExecutorService 'applicationTaskExecutor'
12-05-2020 12:52:56.614 [restartedMain] INFO  o.s.b.w.e.tomcat.TomcatWebServer.start - Tomcat started on port(s): 8080 (http) with context path ''
12-05-2020 12:52:56.617 [restartedMain] INFO  c.l.LibraryManagementApplication.logStarted - Started LibraryManagementApplication in 6.898 seconds (JVM running for 7.751)
12-05-2020 12:53:07.120 [http-nio-8080-exec-1] INFO  o.a.c.c.C.[Tomcat].[localhost].[/].log - Initializing Spring DispatcherServlet 'dispatcherServlet'
12-05-2020 12:53:07.120 [http-nio-8080-exec-1] INFO  o.s.web.servlet.DispatcherServlet.initServletBean - Initializing Servlet 'dispatcherServlet'
12-05-2020 12:53:07.128 [http-nio-8080-exec-1] INFO  o.s.web.servlet.DispatcherServlet.initServletBean - Completed initialization in 7 ms
12-05-2020 12:58:32.879 [RMI TCP Connection(17)-127.0.0.1] INFO  o.s.b.a.SpringApplicationAdminMXBeanRegistrar$SpringApplicationAdmin.shutdown - Application shutdown requested.
12-05-2020 12:58:32.884 [RMI TCP Connection(17)-127.0.0.1] INFO  o.s.s.c.ThreadPoolTaskExecutor.shutdown - Shutting down ExecutorService 'applicationTaskExecutor'
12-05-2020 12:58:32.886 [RMI TCP Connection(17)-127.0.0.1] INFO  o.s.o.j.LocalContainerEntityManagerFactoryBean.destroy - Closing JPA EntityManagerFactory for persistence unit 'default'
12-05-2020 12:58:32.891 [RMI TCP Connection(17)-127.0.0.1] INFO  com.zaxxer.hikari.HikariDataSource.close - HikariPool-1 - Shutdown initiated...
12-05-2020 12:58:32.896 [RMI TCP Connection(17)-127.0.0.1] INFO  com.zaxxer.hikari.HikariDataSource.close - HikariPool-1 - Shutdown completed.
12-05-2020 14:06:07.956 [restartedMain] INFO  c.l.LibraryManagementApplication.logStarting - Starting LibraryManagementApplication on jaydeep-HP-Notebook with PID 18620 (/home/jaydeep/LibraryManagementSpring/LibraryManagement/target/classes started by jaydeep in /home/jaydeep/LibraryManagementSpring/LibraryManagement)
12-05-2020 14:06:07.963 [restartedMain] INFO  c.l.LibraryManagementApplication.logStartupProfileInfo - No active profile set, falling back to default profiles: default
12-05-2020 14:06:08.108 [restartedMain] INFO  o.s.b.d.restart.ChangeableUrls.logTo - The Class-Path manifest attribute in /home/jaydeep/.m2/repository/org/glassfish/jaxb/jaxb-runtime/2.3.2/jaxb-runtime-2.3.2.jar referenced one or more files that do not exist: file:/home/jaydeep/.m2/repository/org/glassfish/jaxb/jaxb-runtime/2.3.2/jakarta.xml.bind-api-2.3.2.jar,file:/home/jaydeep/.m2/repository/org/glassfish/jaxb/jaxb-runtime/2.3.2/txw2-2.3.2.jar,file:/home/jaydeep/.m2/repository/org/glassfish/jaxb/jaxb-runtime/2.3.2/istack-commons-runtime-3.0.8.jar,file:/home/jaydeep/.m2/repository/org/glassfish/jaxb/jaxb-runtime/2.3.2/stax-ex-1.8.1.jar,file:/home/jaydeep/.m2/repository/org/glassfish/jaxb/jaxb-runtime/2.3.2/FastInfoset-1.2.16.jar,file:/home/jaydeep/.m2/repository/org/glassfish/jaxb/jaxb-runtime/2.3.2/jakarta.activation-api-1.2.1.jar
12-05-2020 14:06:08.109 [restartedMain] INFO  o.s.b.d.e.DevToolsPropertyDefaultsPostProcessor.logTo - Devtools property defaults active! Set 'spring.devtools.add-properties' to 'false' to disable
12-05-2020 14:06:08.109 [restartedMain] INFO  o.s.b.d.e.DevToolsPropertyDefaultsPostProcessor.logTo - For additional web related logging consider setting the 'logging.level.web' property to 'DEBUG'
12-05-2020 14:06:09.653 [restartedMain] INFO  o.s.d.r.c.RepositoryConfigurationDelegate.registerRepositoriesIn - Bootstrapping Spring Data JPA repositories in DEFAULT mode.
12-05-2020 14:06:09.794 [restartedMain] INFO  o.s.d.r.c.RepositoryConfigurationDelegate.registerRepositoriesIn - Finished Spring Data repository scanning in 130ms. Found 4 JPA repository interfaces.
12-05-2020 14:06:10.755 [restartedMain] INFO  o.s.b.w.e.tomcat.TomcatWebServer.initialize - Tomcat initialized with port(s): 8080 (http)
12-05-2020 14:06:10.772 [restartedMain] INFO  o.a.catalina.core.StandardService.log - Starting service [Tomcat]
12-05-2020 14:06:10.772 [restartedMain] INFO  o.a.catalina.core.StandardEngine.log - Starting Servlet engine: [Apache Tomcat/9.0.33]
12-05-2020 14:06:10.921 [restartedMain] INFO  o.a.c.c.C.[Tomcat].[localhost].[/].log - Initializing Spring embedded WebApplicationContext
12-05-2020 14:06:10.922 [restartedMain] INFO  o.s.web.context.ContextLoader.prepareWebApplicationContext - Root WebApplicationContext: initialization completed in 2813 ms
12-05-2020 14:06:11.245 [restartedMain] INFO  o.h.jpa.internal.util.LogHelper.logPersistenceUnitInformation - HHH000204: Processing PersistenceUnitInfo [name: default]
12-05-2020 14:06:11.314 [restartedMain] INFO  org.hibernate.Version.logVersion - HHH000412: Hibernate ORM core version 5.4.12.Final
12-05-2020 14:06:11.436 [restartedMain] INFO  o.h.annotations.common.Version.<clinit> - HCANN000001: Hibernate Commons Annotations {5.1.0.Final}
12-05-2020 14:06:11.694 [restartedMain] INFO  com.zaxxer.hikari.HikariDataSource.getConnection - HikariPool-1 - Starting...
12-05-2020 14:06:11.750 [restartedMain] INFO  com.zaxxer.hikari.HikariDataSource.getConnection - HikariPool-1 - Start completed.
12-05-2020 14:06:11.763 [restartedMain] INFO  org.hibernate.dialect.Dialect.<init> - HHH000400: Using dialect: org.hibernate.dialect.MariaDBDialect
12-05-2020 14:06:12.520 [restartedMain] INFO  o.h.e.t.j.p.i.JtaPlatformInitiator.initiateService - HHH000490: Using JtaPlatform implementation: [org.hibernate.engine.transaction.jta.platform.internal.NoJtaPlatform]
12-05-2020 14:06:12.527 [restartedMain] INFO  o.s.o.j.LocalContainerEntityManagerFactoryBean.buildNativeEntityManagerFactory - Initialized JPA EntityManagerFactory for persistence unit 'default'
12-05-2020 14:06:12.569 [restartedMain] INFO  o.s.b.d.a.OptionalLiveReloadServer.startServer - LiveReload server is running on port 35729
12-05-2020 14:06:13.068 [restartedMain] WARN  o.s.b.a.o.j.JpaBaseConfiguration$JpaWebConfiguration.openEntityManagerInViewInterceptor - spring.jpa.open-in-view is enabled by default. Therefore, database queries may be performed during view rendering. Explicitly configure spring.jpa.open-in-view to disable this warning
12-05-2020 14:06:13.260 [restartedMain] INFO  o.s.s.c.ThreadPoolTaskExecutor.initialize - Initializing ExecutorService 'applicationTaskExecutor'
12-05-2020 14:06:13.603 [restartedMain] INFO  o.s.b.w.e.tomcat.TomcatWebServer.start - Tomcat started on port(s): 8080 (http) with context path ''
12-05-2020 14:06:13.607 [restartedMain] INFO  c.l.LibraryManagementApplication.logStarted - Started LibraryManagementApplication in 6.511 seconds (JVM running for 7.711)
12-05-2020 14:56:42.147 [RMI TCP Connection(61)-127.0.0.1] INFO  o.s.b.a.SpringApplicationAdminMXBeanRegistrar$SpringApplicationAdmin.shutdown - Application shutdown requested.
12-05-2020 14:56:42.150 [RMI TCP Connection(61)-127.0.0.1] INFO  o.s.s.c.ThreadPoolTaskExecutor.shutdown - Shutting down ExecutorService 'applicationTaskExecutor'
12-05-2020 14:56:42.152 [RMI TCP Connection(61)-127.0.0.1] INFO  o.s.o.j.LocalContainerEntityManagerFactoryBean.destroy - Closing JPA EntityManagerFactory for persistence unit 'default'
12-05-2020 14:56:42.164 [RMI TCP Connection(61)-127.0.0.1] INFO  com.zaxxer.hikari.HikariDataSource.close - HikariPool-1 - Shutdown initiated...
12-05-2020 14:56:42.172 [RMI TCP Connection(61)-127.0.0.1] INFO  com.zaxxer.hikari.HikariDataSource.close - HikariPool-1 - Shutdown completed.
12-05-2020 15:40:18.707 [restartedMain] INFO  c.l.LibraryManagementApplication.logStarting - Starting LibraryManagementApplication on jaydeep-HP-Notebook with PID 4116 (/home/jaydeep/LibraryManagementSpring/LibraryManagement/target/classes started by jaydeep in /home/jaydeep/LibraryManagementSpring/LibraryManagement)
12-05-2020 15:40:18.794 [restartedMain] INFO  c.l.LibraryManagementApplication.logStartupProfileInfo - No active profile set, falling back to default profiles: default
12-05-2020 15:40:19.051 [restartedMain] INFO  o.s.b.d.restart.ChangeableUrls.logTo - The Class-Path manifest attribute in /home/jaydeep/.m2/repository/org/glassfish/jaxb/jaxb-runtime/2.3.2/jaxb-runtime-2.3.2.jar referenced one or more files that do not exist: file:/home/jaydeep/.m2/repository/org/glassfish/jaxb/jaxb-runtime/2.3.2/jakarta.xml.bind-api-2.3.2.jar,file:/home/jaydeep/.m2/repository/org/glassfish/jaxb/jaxb-runtime/2.3.2/txw2-2.3.2.jar,file:/home/jaydeep/.m2/repository/org/glassfish/jaxb/jaxb-runtime/2.3.2/istack-commons-runtime-3.0.8.jar,file:/home/jaydeep/.m2/repository/org/glassfish/jaxb/jaxb-runtime/2.3.2/stax-ex-1.8.1.jar,file:/home/jaydeep/.m2/repository/org/glassfish/jaxb/jaxb-runtime/2.3.2/FastInfoset-1.2.16.jar,file:/home/jaydeep/.m2/repository/org/glassfish/jaxb/jaxb-runtime/2.3.2/jakarta.activation-api-1.2.1.jar
12-05-2020 15:40:19.053 [restartedMain] INFO  o.s.b.d.e.DevToolsPropertyDefaultsPostProcessor.logTo - Devtools property defaults active! Set 'spring.devtools.add-properties' to 'false' to disable
12-05-2020 15:40:19.055 [restartedMain] INFO  o.s.b.d.e.DevToolsPropertyDefaultsPostProcessor.logTo - For additional web related logging consider setting the 'logging.level.web' property to 'DEBUG'
12-05-2020 15:40:21.055 [restartedMain] INFO  o.s.d.r.c.RepositoryConfigurationDelegate.registerRepositoriesIn - Bootstrapping Spring Data JPA repositories in DEFAULT mode.
12-05-2020 15:40:21.123 [restartedMain] INFO  o.s.d.r.c.RepositoryConfigurationDelegate.registerRepositoriesIn - Finished Spring Data repository scanning in 59ms. Found 4 JPA repository interfaces.
12-05-2020 15:40:22.301 [restartedMain] INFO  o.s.b.w.e.tomcat.TomcatWebServer.initialize - Tomcat initialized with port(s): 8080 (http)
12-05-2020 15:40:22.325 [restartedMain] INFO  o.a.catalina.core.StandardService.log - Starting service [Tomcat]
12-05-2020 15:40:22.325 [restartedMain] INFO  o.a.catalina.core.StandardEngine.log - Starting Servlet engine: [Apache Tomcat/9.0.33]
12-05-2020 15:40:22.470 [restartedMain] INFO  o.a.c.c.C.[Tomcat].[localhost].[/].log - Initializing Spring embedded WebApplicationContext
12-05-2020 15:40:22.470 [restartedMain] INFO  o.s.web.context.ContextLoader.prepareWebApplicationContext - Root WebApplicationContext: initialization completed in 3400 ms
12-05-2020 15:40:23.070 [restartedMain] INFO  o.h.jpa.internal.util.LogHelper.logPersistenceUnitInformation - HHH000204: Processing PersistenceUnitInfo [name: default]
12-05-2020 15:40:23.336 [restartedMain] INFO  org.hibernate.Version.logVersion - HHH000412: Hibernate ORM core version 5.4.12.Final
12-05-2020 15:40:23.887 [restartedMain] INFO  o.h.annotations.common.Version.<clinit> - HCANN000001: Hibernate Commons Annotations {5.1.0.Final}
12-05-2020 15:40:24.153 [restartedMain] INFO  com.zaxxer.hikari.HikariDataSource.getConnection - HikariPool-1 - Starting...
12-05-2020 15:40:24.325 [restartedMain] INFO  com.zaxxer.hikari.HikariDataSource.getConnection - HikariPool-1 - Start completed.
12-05-2020 15:40:24.368 [restartedMain] INFO  org.hibernate.dialect.Dialect.<init> - HHH000400: Using dialect: org.hibernate.dialect.MariaDBDialect
12-05-2020 15:40:25.312 [restartedMain] INFO  o.h.e.t.j.p.i.JtaPlatformInitiator.initiateService - HHH000490: Using JtaPlatform implementation: [org.hibernate.engine.transaction.jta.platform.internal.NoJtaPlatform]
12-05-2020 15:40:25.325 [restartedMain] INFO  o.s.o.j.LocalContainerEntityManagerFactoryBean.buildNativeEntityManagerFactory - Initialized JPA EntityManagerFactory for persistence unit 'default'
12-05-2020 15:40:25.395 [restartedMain] INFO  o.s.b.d.a.OptionalLiveReloadServer.startServer - LiveReload server is running on port 35729
12-05-2020 15:40:25.907 [restartedMain] WARN  o.s.b.a.o.j.JpaBaseConfiguration$JpaWebConfiguration.openEntityManagerInViewInterceptor - spring.jpa.open-in-view is enabled by default. Therefore, database queries may be performed during view rendering. Explicitly configure spring.jpa.open-in-view to disable this warning
12-05-2020 15:40:26.090 [restartedMain] INFO  o.s.s.c.ThreadPoolTaskExecutor.initialize - Initializing ExecutorService 'applicationTaskExecutor'
12-05-2020 15:40:26.602 [restartedMain] INFO  o.s.b.w.e.tomcat.TomcatWebServer.start - Tomcat started on port(s): 8080 (http) with context path ''
12-05-2020 15:40:26.605 [restartedMain] INFO  c.l.LibraryManagementApplication.logStarted - Started LibraryManagementApplication in 9.073 seconds (JVM running for 10.747)
12-05-2020 15:41:45.305 [http-nio-8080-exec-1] INFO  o.a.c.c.C.[Tomcat].[localhost].[/].log - Initializing Spring DispatcherServlet 'dispatcherServlet'
12-05-2020 15:41:45.306 [http-nio-8080-exec-1] INFO  o.s.web.servlet.DispatcherServlet.initServletBean - Initializing Servlet 'dispatcherServlet'
12-05-2020 15:41:45.317 [http-nio-8080-exec-1] INFO  o.s.web.servlet.DispatcherServlet.initServletBean - Completed initialization in 11 ms
12-05-2020 15:49:27.736 [RMI TCP Connection(19)-127.0.0.1] INFO  o.s.b.a.SpringApplicationAdminMXBeanRegistrar$SpringApplicationAdmin.shutdown - Application shutdown requested.
12-05-2020 15:49:27.744 [RMI TCP Connection(19)-127.0.0.1] INFO  o.s.s.c.ThreadPoolTaskExecutor.shutdown - Shutting down ExecutorService 'applicationTaskExecutor'
12-05-2020 15:49:27.746 [RMI TCP Connection(19)-127.0.0.1] INFO  o.s.o.j.LocalContainerEntityManagerFactoryBean.destroy - Closing JPA EntityManagerFactory for persistence unit 'default'
12-05-2020 15:49:27.751 [RMI TCP Connection(19)-127.0.0.1] INFO  com.zaxxer.hikari.HikariDataSource.close - HikariPool-1 - Shutdown initiated...
12-05-2020 15:49:27.758 [RMI TCP Connection(19)-127.0.0.1] INFO  com.zaxxer.hikari.HikariDataSource.close - HikariPool-1 - Shutdown completed.
12-05-2020 16:18:47.670 [restartedMain] INFO  c.l.LibraryManagementApplication.logStarting - Starting LibraryManagementApplication on jaydeep-HP-Notebook with PID 6835 (/home/jaydeep/LibraryManagementSpring/LibraryManagement/target/classes started by jaydeep in /home/jaydeep/LibraryManagementSpring/LibraryManagement)
12-05-2020 16:18:47.674 [restartedMain] INFO  c.l.LibraryManagementApplication.logStartupProfileInfo - No active profile set, falling back to default profiles: default
12-05-2020 16:18:47.726 [restartedMain] INFO  o.s.b.d.restart.ChangeableUrls.logTo - The Class-Path manifest attribute in /home/jaydeep/.m2/repository/org/glassfish/jaxb/jaxb-runtime/2.3.2/jaxb-runtime-2.3.2.jar referenced one or more files that do not exist: file:/home/jaydeep/.m2/repository/org/glassfish/jaxb/jaxb-runtime/2.3.2/jakarta.xml.bind-api-2.3.2.jar,file:/home/jaydeep/.m2/repository/org/glassfish/jaxb/jaxb-runtime/2.3.2/txw2-2.3.2.jar,file:/home/jaydeep/.m2/repository/org/glassfish/jaxb/jaxb-runtime/2.3.2/istack-commons-runtime-3.0.8.jar,file:/home/jaydeep/.m2/repository/org/glassfish/jaxb/jaxb-runtime/2.3.2/stax-ex-1.8.1.jar,file:/home/jaydeep/.m2/repository/org/glassfish/jaxb/jaxb-runtime/2.3.2/FastInfoset-1.2.16.jar,file:/home/jaydeep/.m2/repository/org/glassfish/jaxb/jaxb-runtime/2.3.2/jakarta.activation-api-1.2.1.jar
12-05-2020 16:18:47.727 [restartedMain] INFO  o.s.b.d.e.DevToolsPropertyDefaultsPostProcessor.logTo - Devtools property defaults active! Set 'spring.devtools.add-properties' to 'false' to disable
12-05-2020 16:18:47.727 [restartedMain] INFO  o.s.b.d.e.DevToolsPropertyDefaultsPostProcessor.logTo - For additional web related logging consider setting the 'logging.level.web' property to 'DEBUG'
12-05-2020 16:18:48.641 [restartedMain] INFO  o.s.d.r.c.RepositoryConfigurationDelegate.registerRepositoriesIn - Bootstrapping Spring Data JPA repositories in DEFAULT mode.
12-05-2020 16:18:48.722 [restartedMain] INFO  o.s.d.r.c.RepositoryConfigurationDelegate.registerRepositoriesIn - Finished Spring Data repository scanning in 71ms. Found 4 JPA repository interfaces.
12-05-2020 16:18:49.442 [restartedMain] INFO  o.s.b.w.e.tomcat.TomcatWebServer.initialize - Tomcat initialized with port(s): 8080 (http)
12-05-2020 16:18:49.452 [restartedMain] INFO  o.a.catalina.core.StandardService.log - Starting service [Tomcat]
12-05-2020 16:18:49.453 [restartedMain] INFO  o.a.catalina.core.StandardEngine.log - Starting Servlet engine: [Apache Tomcat/9.0.33]
12-05-2020 16:18:49.511 [restartedMain] INFO  o.a.c.c.C.[Tomcat].[localhost].[/].log - Initializing Spring embedded WebApplicationContext
12-05-2020 16:18:49.512 [restartedMain] INFO  o.s.web.context.ContextLoader.prepareWebApplicationContext - Root WebApplicationContext: initialization completed in 1785 ms
12-05-2020 16:18:49.649 [restartedMain] INFO  o.h.jpa.internal.util.LogHelper.logPersistenceUnitInformation - HHH000204: Processing PersistenceUnitInfo [name: default]
12-05-2020 16:18:49.698 [restartedMain] INFO  org.hibernate.Version.logVersion - HHH000412: Hibernate ORM core version 5.4.12.Final
12-05-2020 16:18:49.798 [restartedMain] INFO  o.h.annotations.common.Version.<clinit> - HCANN000001: Hibernate Commons Annotations {5.1.0.Final}
12-05-2020 16:18:49.952 [restartedMain] INFO  com.zaxxer.hikari.HikariDataSource.getConnection - HikariPool-1 - Starting...
12-05-2020 16:18:49.994 [restartedMain] INFO  com.zaxxer.hikari.HikariDataSource.getConnection - HikariPool-1 - Start completed.
12-05-2020 16:18:50.005 [restartedMain] INFO  org.hibernate.dialect.Dialect.<init> - HHH000400: Using dialect: org.hibernate.dialect.MariaDBDialect
12-05-2020 16:18:50.520 [restartedMain] INFO  o.h.e.t.j.p.i.JtaPlatformInitiator.initiateService - HHH000490: Using JtaPlatform implementation: [org.hibernate.engine.transaction.jta.platform.internal.NoJtaPlatform]
12-05-2020 16:18:50.525 [restartedMain] INFO  o.s.o.j.LocalContainerEntityManagerFactoryBean.buildNativeEntityManagerFactory - Initialized JPA EntityManagerFactory for persistence unit 'default'
12-05-2020 16:18:50.555 [restartedMain] INFO  o.s.b.d.a.OptionalLiveReloadServer.startServer - LiveReload server is running on port 35729
12-05-2020 16:18:50.912 [restartedMain] WARN  o.s.b.a.o.j.JpaBaseConfiguration$JpaWebConfiguration.openEntityManagerInViewInterceptor - spring.jpa.open-in-view is enabled by default. Therefore, database queries may be performed during view rendering. Explicitly configure spring.jpa.open-in-view to disable this warning
12-05-2020 16:18:51.032 [restartedMain] INFO  o.s.s.c.ThreadPoolTaskExecutor.initialize - Initializing ExecutorService 'applicationTaskExecutor'
12-05-2020 16:18:51.274 [restartedMain] INFO  o.s.b.w.e.tomcat.TomcatWebServer.start - Tomcat started on port(s): 8080 (http) with context path ''
12-05-2020 16:18:51.277 [restartedMain] INFO  c.l.LibraryManagementApplication.logStarted - Started LibraryManagementApplication in 3.964 seconds (JVM running for 4.865)
12-05-2020 16:25:17.928 [Thread-6] INFO  o.s.s.c.ThreadPoolTaskExecutor.shutdown - Shutting down ExecutorService 'applicationTaskExecutor'
12-05-2020 16:25:17.930 [Thread-6] INFO  o.s.o.j.LocalContainerEntityManagerFactoryBean.destroy - Closing JPA EntityManagerFactory for persistence unit 'default'
12-05-2020 16:25:17.936 [Thread-6] INFO  com.zaxxer.hikari.HikariDataSource.close - HikariPool-1 - Shutdown initiated...
12-05-2020 16:25:17.941 [Thread-6] INFO  com.zaxxer.hikari.HikariDataSource.close - HikariPool-1 - Shutdown completed.
12-05-2020 16:25:18.183 [restartedMain] INFO  c.l.LibraryManagementApplication.logStarting - Starting LibraryManagementApplication on jaydeep-HP-Notebook with PID 6835 (/home/jaydeep/LibraryManagementSpring/LibraryManagement/target/classes started by jaydeep in /home/jaydeep/LibraryManagementSpring/LibraryManagement)
12-05-2020 16:25:18.183 [restartedMain] INFO  c.l.LibraryManagementApplication.logStartupProfileInfo - No active profile set, falling back to default profiles: default
12-05-2020 16:25:18.455 [restartedMain] INFO  o.s.d.r.c.RepositoryConfigurationDelegate.registerRepositoriesIn - Bootstrapping Spring Data JPA repositories in DEFAULT mode.
12-05-2020 16:25:18.478 [restartedMain] INFO  o.s.d.r.c.RepositoryConfigurationDelegate.registerRepositoriesIn - Finished Spring Data repository scanning in 21ms. Found 4 JPA repository interfaces.
12-05-2020 16:25:18.618 [restartedMain] INFO  o.s.b.w.e.tomcat.TomcatWebServer.initialize - Tomcat initialized with port(s): 8080 (http)
12-05-2020 16:25:18.619 [restartedMain] INFO  o.a.catalina.core.StandardService.log - Starting service [Tomcat]
12-05-2020 16:25:18.619 [restartedMain] INFO  o.a.catalina.core.StandardEngine.log - Starting Servlet engine: [Apache Tomcat/9.0.33]
12-05-2020 16:25:18.623 [restartedMain] INFO  o.a.c.c.C.[Tomcat].[localhost].[/].log - Initializing Spring embedded WebApplicationContext
12-05-2020 16:25:18.623 [restartedMain] INFO  o.s.web.context.ContextLoader.prepareWebApplicationContext - Root WebApplicationContext: initialization completed in 436 ms
12-05-2020 16:25:18.673 [restartedMain] INFO  o.h.jpa.internal.util.LogHelper.logPersistenceUnitInformation - HHH000204: Processing PersistenceUnitInfo [name: default]
12-05-2020 16:25:18.679 [restartedMain] INFO  com.zaxxer.hikari.HikariDataSource.getConnection - HikariPool-2 - Starting...
12-05-2020 16:25:18.687 [restartedMain] INFO  com.zaxxer.hikari.HikariDataSource.getConnection - HikariPool-2 - Start completed.
12-05-2020 16:25:18.688 [restartedMain] INFO  org.hibernate.dialect.Dialect.<init> - HHH000400: Using dialect: org.hibernate.dialect.MariaDBDialect
12-05-2020 16:25:18.901 [restartedMain] INFO  o.h.e.t.j.p.i.JtaPlatformInitiator.initiateService - HHH000490: Using JtaPlatform implementation: [org.hibernate.engine.transaction.jta.platform.internal.NoJtaPlatform]
12-05-2020 16:25:18.902 [restartedMain] INFO  o.s.o.j.LocalContainerEntityManagerFactoryBean.buildNativeEntityManagerFactory - Initialized JPA EntityManagerFactory for persistence unit 'default'
12-05-2020 16:25:18.938 [restartedMain] INFO  o.s.b.d.a.OptionalLiveReloadServer.startServer - LiveReload server is running on port 35729
12-05-2020 16:25:19.248 [restartedMain] WARN  o.s.b.a.o.j.JpaBaseConfiguration$JpaWebConfiguration.openEntityManagerInViewInterceptor - spring.jpa.open-in-view is enabled by default. Therefore, database queries may be performed during view rendering. Explicitly configure spring.jpa.open-in-view to disable this warning
12-05-2020 16:25:19.367 [restartedMain] INFO  o.s.s.c.ThreadPoolTaskExecutor.initialize - Initializing ExecutorService 'applicationTaskExecutor'
12-05-2020 16:25:19.560 [restartedMain] INFO  o.s.b.w.e.tomcat.TomcatWebServer.start - Tomcat started on port(s): 8080 (http) with context path ''
12-05-2020 16:25:19.562 [restartedMain] INFO  c.l.LibraryManagementApplication.logStarted - Started LibraryManagementApplication in 1.416 seconds (JVM running for 393.15)
12-05-2020 16:25:19.564 [restartedMain] INFO  o.s.b.d.a.ConditionEvaluationDeltaLoggingListener.onApplicationEvent - Condition evaluation unchanged
12-05-2020 16:26:19.918 [RMI TCP Connection(4)-127.0.0.1] INFO  o.s.b.a.SpringApplicationAdminMXBeanRegistrar$SpringApplicationAdmin.shutdown - Application shutdown requested.
12-05-2020 16:26:19.925 [RMI TCP Connection(4)-127.0.0.1] INFO  o.s.s.c.ThreadPoolTaskExecutor.shutdown - Shutting down ExecutorService 'applicationTaskExecutor'
12-05-2020 16:26:19.927 [RMI TCP Connection(4)-127.0.0.1] INFO  o.s.o.j.LocalContainerEntityManagerFactoryBean.destroy - Closing JPA EntityManagerFactory for persistence unit 'default'
12-05-2020 16:26:19.936 [RMI TCP Connection(4)-127.0.0.1] INFO  com.zaxxer.hikari.HikariDataSource.close - HikariPool-2 - Shutdown initiated...
12-05-2020 16:26:19.950 [RMI TCP Connection(4)-127.0.0.1] INFO  com.zaxxer.hikari.HikariDataSource.close - HikariPool-2 - Shutdown completed.
